     Creating library C:\Users\david\Source\Repos\CSCN71020_Group5Project\x64\Debug\Testing.lib and object C:\Users\david\Source\Repos\CSCN71020_Group5Project\x64\Debug\Testing.exp
Testing.obj : error LNK2019: unresolved external symbol get_triangle_input referenced in function "public: void __cdecl Testing::Testing::TestMethod1(void)" (?TestMethod1@Testing@1@QEAAXXZ)
C:\Users\david\Source\Repos\CSCN71020_Group5Project\x64\Debug\Testing.dll : fatal error LNK1120: 1 unresolved externals
